<?xml version="1.0" encoding="UTF-8"?>
<!-- Generated by org.testng.reporters.JUnitXMLReporter -->
<testsuite hostname="EQPLSTDP10021" name="PlanIT_Tests" tests="4" failures="0" timestamp="23 May 2021 14:14:29 GMT" time="9.361" errors="0">
  <testcase name="@BeforeSuite onStart" time="0.0" classname="planIT.tests.JupiterTests">
    <failure type="java.io.IOException" message="Unable to delete directory C:\Users\xhhs7\eclipse-workspace\PlanIT\PlanIT\Extentreport.">
      <![CDATA[java.io.IOException: Unable to delete directory C:\Users\xhhs7\eclipse-workspace\PlanIT\PlanIT\Extentreport.
	at org.apache.commons.io.FileUtils.deleteDirectory(FileUtils.java:1541)
	at planITutils.utils.TestBase.onStart(TestBase.java:150)
... Removed 18 stack frames]]>
    </failure>
  </testcase> <!-- @BeforeSuite onStart -->
  <testcase name="mandatoryfieldserror" time="0.012" classname="planIT.tests.JupiterTests">
    <skipped/>
  </testcase> <!-- mandatoryfieldserror -->
  <testcase name="successsubmission" time="0.002" classname="planIT.tests.JupiterTests">
    <skipped/>
  </testcase> <!-- successsubmission -->
  <testcase name="invaliddatavalidation" time="0.002" classname="planIT.tests.JupiterTests">
    <skipped/>
  </testcase> <!-- invaliddatavalidation -->
  <testcase name="cartvalidation" time="0.004" classname="planIT.tests.JupiterTests">
    <skipped/>
  </testcase> <!-- cartvalidation -->
</testsuite> <!-- PlanIT_Tests -->
