<?xml version="1.0" encoding="UTF-8"?>
<testng-results skipped="0" failed="0" total="4" passed="4">
  <reporter-output>
    <line>
      <![CDATA[Running First @test to check mandatory fields]]>
    </line>
    <line>
      <![CDATA[Navigating to the Contact Menu]]>
    </line>
    <line>
      <![CDATA[Incorrect details to validate the Error messages]]>
    </line>
    <line>
      <![CDATA[Correct details to validate No Error messages displayed]]>
    </line>
    <line>
      <![CDATA[Running Second @test to check success submission]]>
    </line>
    <line>
      <![CDATA[Navigating to the Contact Menu]]>
    </line>
    <line>
      <![CDATA[Details for the user submitted]]>
    </line>
    <line>
      <![CDATA[Running third @test to check invalid field details]]>
    </line>
    <line>
      <![CDATA[Navigating to the Contact Menu]]>
    </line>
    <line>
      <![CDATA[Invalid details to validate the Error messages]]>
    </line>
    <line>
      <![CDATA[Running fourth @test to check success submission]]>
    </line>
    <line>
      <![CDATA[Navigating to the shop Menu]]>
    </line>
    <line>
      <![CDATA[Adding items to the cart]]>
    </line>
    <line>
      <![CDATA[Validating items in the cart]]>
    </line>
  </reporter-output>
  <suite name="planIT_TestSuite" duration-ms="60978" started-at="2021-05-23T14:22:06Z" finished-at="2021-05-23T14:23:07Z">
    <groups>
    </groups>
    <test name="PlanIT_Tests" duration-ms="60978" started-at="2021-05-23T14:22:06Z" finished-at="2021-05-23T14:23:07Z">
      <class name="planIT.tests.JupiterTests">
        <test-method status="PASS" signature="onStart()[pri:0, instance:planIT.tests.JupiterTests@64cd705f]" name="onStart" is-config="true" duration-ms="1215" started-at="2021-05-24T00:22:05Z" finished-at="2021-05-24T00:22:06Z">
          <reporter-output>
          </reporter-output>
        </test-method> <!-- onStart -->
        <test-method status="PASS" signature="initialize()[pri:0, instance:planIT.tests.JupiterTests@64cd705f]" name="initialize" is-config="true" duration-ms="132" started-at="2021-05-24T00:22:06Z" finished-at="2021-05-24T00:22:06Z">
          <reporter-output>
          </reporter-output>
        </test-method> <!-- initialize -->
        <test-method status="PASS" signature="setup(java.lang.reflect.Method, org.testng.ITestContext)[pri:0, instance:planIT.tests.JupiterTests@64cd705f]" name="setup" is-config="true" duration-ms="7847" started-at="2021-05-24T00:22:06Z" finished-at="2021-05-24T00:22:14Z">
          <params>
            <param index="0">
              <value>
                <![CDATA[public void planIT.tests.JupiterTests.mandatoryfieldserror()]]>
              </value>
            </param>
            <param index="1">
              <value>
                <![CDATA[org.testng.TestRunner@6b9ce1bf]]>
              </value>
            </param>
          </params>
          <reporter-output>
          </reporter-output>
        </test-method> <!-- setup -->
        <test-method status="PASS" signature="mandatoryfieldserror()[pri:1, instance:planIT.tests.JupiterTests@64cd705f]" name="mandatoryfieldserror" duration-ms="19710" started-at="2021-05-24T00:22:14Z" finished-at="2021-05-24T00:22:34Z">
          <reporter-output>
            <line>
              <![CDATA[Running First @test to check mandatory fields]]>
            </line>
            <line>
              <![CDATA[Navigating to the Contact Menu]]>
            </line>
            <line>
              <![CDATA[Incorrect details to validate the Error messages]]>
            </line>
            <line>
              <![CDATA[Correct details to validate No Error messages displayed]]>
            </line>
          </reporter-output>
        </test-method> <!-- mandatoryfieldserror -->
        <test-method status="PASS" signature="setup(java.lang.reflect.Method, org.testng.ITestContext)[pri:0, instance:planIT.tests.JupiterTests@64cd705f]" name="setup" is-config="true" duration-ms="946" started-at="2021-05-24T00:22:34Z" finished-at="2021-05-24T00:22:35Z">
          <params>
            <param index="0">
              <value>
                <![CDATA[public void planIT.tests.JupiterTests.successsubmission()]]>
              </value>
            </param>
            <param index="1">
              <value>
                <![CDATA[org.testng.TestRunner@6b9ce1bf]]>
              </value>
            </param>
          </params>
          <reporter-output>
          </reporter-output>
        </test-method> <!-- setup -->
        <test-method status="PASS" signature="successsubmission()[pri:2, instance:planIT.tests.JupiterTests@64cd705f]" name="successsubmission" duration-ms="9485" started-at="2021-05-24T00:22:35Z" finished-at="2021-05-24T00:22:44Z">
          <reporter-output>
            <line>
              <![CDATA[Running Second @test to check success submission]]>
            </line>
            <line>
              <![CDATA[Navigating to the Contact Menu]]>
            </line>
            <line>
              <![CDATA[Details for the user submitted]]>
            </line>
          </reporter-output>
        </test-method> <!-- successsubmission -->
        <test-method status="PASS" signature="setup(java.lang.reflect.Method, org.testng.ITestContext)[pri:0, instance:planIT.tests.JupiterTests@64cd705f]" name="setup" is-config="true" duration-ms="911" started-at="2021-05-24T00:22:44Z" finished-at="2021-05-24T00:22:45Z">
          <params>
            <param index="0">
              <value>
                <![CDATA[public void planIT.tests.JupiterTests.invaliddatavalidation()]]>
              </value>
            </param>
            <param index="1">
              <value>
                <![CDATA[org.testng.TestRunner@6b9ce1bf]]>
              </value>
            </param>
          </params>
          <reporter-output>
          </reporter-output>
        </test-method> <!-- setup -->
        <test-method status="PASS" signature="invaliddatavalidation()[pri:3, instance:planIT.tests.JupiterTests@64cd705f]" name="invaliddatavalidation" duration-ms="2171" started-at="2021-05-24T00:22:45Z" finished-at="2021-05-24T00:22:47Z">
          <reporter-output>
            <line>
              <![CDATA[Running third @test to check invalid field details]]>
            </line>
            <line>
              <![CDATA[Navigating to the Contact Menu]]>
            </line>
            <line>
              <![CDATA[Invalid details to validate the Error messages]]>
            </line>
          </reporter-output>
        </test-method> <!-- invaliddatavalidation -->
        <test-method status="PASS" signature="setup(java.lang.reflect.Method, org.testng.ITestContext)[pri:0, instance:planIT.tests.JupiterTests@64cd705f]" name="setup" is-config="true" duration-ms="111" started-at="2021-05-24T00:22:47Z" finished-at="2021-05-24T00:22:47Z">
          <params>
            <param index="0">
              <value>
                <![CDATA[public void planIT.tests.JupiterTests.cartvalidation()]]>
              </value>
            </param>
            <param index="1">
              <value>
                <![CDATA[org.testng.TestRunner@6b9ce1bf]]>
              </value>
            </param>
          </params>
          <reporter-output>
          </reporter-output>
        </test-method> <!-- setup -->
        <test-method status="PASS" signature="cartvalidation()[pri:4, instance:planIT.tests.JupiterTests@64cd705f]" name="cartvalidation" duration-ms="18049" started-at="2021-05-24T00:22:47Z" finished-at="2021-05-24T00:23:05Z">
          <reporter-output>
            <line>
              <![CDATA[Running fourth @test to check success submission]]>
            </line>
            <line>
              <![CDATA[Navigating to the shop Menu]]>
            </line>
            <line>
              <![CDATA[Adding items to the cart]]>
            </line>
            <line>
              <![CDATA[Validating items in the cart]]>
            </line>
          </reporter-output>
        </test-method> <!-- cartvalidation -->
        <test-method status="PASS" signature="tearDown()[pri:0, instance:planIT.tests.JupiterTests@64cd705f]" name="tearDown" is-config="true" duration-ms="1594" started-at="2021-05-24T00:23:05Z" finished-at="2021-05-24T00:23:07Z">
          <reporter-output>
          </reporter-output>
        </test-method> <!-- tearDown -->
        <test-method status="PASS" signature="flushReports()[pri:0, instance:planIT.tests.JupiterTests@64cd705f]" name="flushReports" is-config="true" duration-ms="16" started-at="2021-05-24T00:23:07Z" finished-at="2021-05-24T00:23:07Z">
          <reporter-output>
          </reporter-output>
        </test-method> <!-- flushReports -->
        <test-method status="PASS" signature="flushReports1()[pri:0, instance:planIT.tests.JupiterTests@64cd705f]" name="flushReports1" is-config="true" duration-ms="17" started-at="2021-05-24T00:23:07Z" finished-at="2021-05-24T00:23:07Z">
          <reporter-output>
          </reporter-output>
        </test-method> <!-- flushReports1 -->
      </class> <!-- planIT.tests.JupiterTests -->
    </test> <!-- PlanIT_Tests -->
  </suite> <!-- planIT_TestSuite -->
</testng-results>
