<?xml version="1.0" encoding="UTF-8"?>
<!-- Generated by org.testng.reporters.JUnitXMLReporter -->
<testsuite hostname="EQPLSTDP10021" name="PlanIT_Tests" tests="4" failures="0" timestamp="23 May 2021 14:46:40 GMT" time="57.226" errors="0">
  <testcase name="mandatoryfieldserror" time="19.737" classname="planIT.tests.JupiterTests"/>
  <testcase name="successsubmission" time="4.474" classname="planIT.tests.JupiterTests"/>
  <testcase name="invaliddatavalidation" time="2.152" classname="planIT.tests.JupiterTests"/>
  <testcase name="cartvalidation" time="18.058" classname="planIT.tests.JupiterTests"/>
</testsuite> <!-- PlanIT_Tests -->
