<?xml version="1.0" encoding="UTF-8"?>
<!-- Generated by org.testng.reporters.JUnitXMLReporter -->
<testsuite hostname="EQPLSTDP10021" name="PlanIT_Tests" tests="4" failures="0" timestamp="23 May 2021 14:23:07 GMT" time="60.978" errors="0">
  <testcase name="mandatoryfieldserror" time="19.71" classname="planIT.tests.JupiterTests"/>
  <testcase name="successsubmission" time="9.485" classname="planIT.tests.JupiterTests"/>
  <testcase name="invaliddatavalidation" time="2.171" classname="planIT.tests.JupiterTests"/>
  <testcase name="cartvalidation" time="18.049" classname="planIT.tests.JupiterTests"/>
</testsuite> <!-- PlanIT_Tests -->
