<?xml version="1.0" encoding="UTF-8"?>
<testng-results skipped="0" failed="0" total="4" passed="4">
  <reporter-output>
    <line>
      <![CDATA[Running First @test to check mandatory fields]]>
    </line>
    <line>
      <![CDATA[Navigating to the Contact Menu]]>
    </line>
    <line>
      <![CDATA[Incorrect details to validate the Error messages]]>
    </line>
    <line>
      <![CDATA[Correct details to validate No Error messages displayed]]>
    </line>
    <line>
      <![CDATA[Running Second @test to check success submission]]>
    </line>
    <line>
      <![CDATA[Navigating to the Contact Menu]]>
    </line>
    <line>
      <![CDATA[Details for the user submitted]]>
    </line>
    <line>
      <![CDATA[Running third @test to check invalid field details]]>
    </line>
    <line>
      <![CDATA[Navigating to the Contact Menu]]>
    </line>
    <line>
      <![CDATA[Invalid details to validate the Error messages]]>
    </line>
    <line>
      <![CDATA[Running fourth @test to check success submission]]>
    </line>
    <line>
      <![CDATA[Navigating to the shop Menu]]>
    </line>
    <line>
      <![CDATA[Adding items to the cart]]>
    </line>
    <line>
      <![CDATA[Validating items in the cart]]>
    </line>
  </reporter-output>
  <suite name="planIT_TestSuite" duration-ms="56549" started-at="2021-05-23T14:16:43Z" finished-at="2021-05-23T14:17:39Z">
    <groups>
    </groups>
    <test name="PlanIT_Tests" duration-ms="56549" started-at="2021-05-23T14:16:43Z" finished-at="2021-05-23T14:17:39Z">
      <class name="planIT.tests.JupiterTests">
        <test-method status="PASS" signature="onStart()[pri:0, instance:planIT.tests.JupiterTests@64cd705f]" name="onStart" is-config="true" duration-ms="1234" started-at="2021-05-24T00:16:41Z" finished-at="2021-05-24T00:16:43Z">
          <reporter-output>
          </reporter-output>
        </test-method> <!-- onStart -->
        <test-method status="PASS" signature="initialize()[pri:0, instance:planIT.tests.JupiterTests@64cd705f]" name="initialize" is-config="true" duration-ms="137" started-at="2021-05-24T00:16:43Z" finished-at="2021-05-24T00:16:43Z">
          <reporter-output>
          </reporter-output>
        </test-method> <!-- initialize -->
        <test-method status="PASS" signature="setup(java.lang.reflect.Method, org.testng.ITestContext)[pri:0, instance:planIT.tests.JupiterTests@64cd705f]" name="setup" is-config="true" duration-ms="6987" started-at="2021-05-24T00:16:43Z" finished-at="2021-05-24T00:16:50Z">
          <params>
            <param index="0">
              <value>
                <![CDATA[public void planIT.tests.JupiterTests.mandatoryfieldserror()]]>
              </value>
            </param>
            <param index="1">
              <value>
                <![CDATA[org.testng.TestRunner@6b9ce1bf]]>
              </value>
            </param>
          </params>
          <reporter-output>
          </reporter-output>
        </test-method> <!-- setup -->
        <test-method status="PASS" signature="mandatoryfieldserror()[pri:1, instance:planIT.tests.JupiterTests@64cd705f]" name="mandatoryfieldserror" duration-ms="19799" started-at="2021-05-24T00:16:50Z" finished-at="2021-05-24T00:17:10Z">
          <reporter-output>
            <line>
              <![CDATA[Running First @test to check mandatory fields]]>
            </line>
            <line>
              <![CDATA[Navigating to the Contact Menu]]>
            </line>
            <line>
              <![CDATA[Incorrect details to validate the Error messages]]>
            </line>
            <line>
              <![CDATA[Correct details to validate No Error messages displayed]]>
            </line>
          </reporter-output>
        </test-method> <!-- mandatoryfieldserror -->
        <test-method status="PASS" signature="setup(java.lang.reflect.Method, org.testng.ITestContext)[pri:0, instance:planIT.tests.JupiterTests@64cd705f]" name="setup" is-config="true" duration-ms="942" started-at="2021-05-24T00:17:10Z" finished-at="2021-05-24T00:17:10Z">
          <params>
            <param index="0">
              <value>
                <![CDATA[public void planIT.tests.JupiterTests.successsubmission()]]>
              </value>
            </param>
            <param index="1">
              <value>
                <![CDATA[org.testng.TestRunner@6b9ce1bf]]>
              </value>
            </param>
          </params>
          <reporter-output>
          </reporter-output>
        </test-method> <!-- setup -->
        <test-method status="PASS" signature="successsubmission()[pri:2, instance:planIT.tests.JupiterTests@64cd705f]" name="successsubmission" duration-ms="8428" started-at="2021-05-24T00:17:10Z" finished-at="2021-05-24T00:17:19Z">
          <reporter-output>
            <line>
              <![CDATA[Running Second @test to check success submission]]>
            </line>
            <line>
              <![CDATA[Navigating to the Contact Menu]]>
            </line>
            <line>
              <![CDATA[Details for the user submitted]]>
            </line>
          </reporter-output>
        </test-method> <!-- successsubmission -->
        <test-method status="PASS" signature="setup(java.lang.reflect.Method, org.testng.ITestContext)[pri:0, instance:planIT.tests.JupiterTests@64cd705f]" name="setup" is-config="true" duration-ms="1036" started-at="2021-05-24T00:17:19Z" finished-at="2021-05-24T00:17:20Z">
          <params>
            <param index="0">
              <value>
                <![CDATA[public void planIT.tests.JupiterTests.invaliddatavalidation()]]>
              </value>
            </param>
            <param index="1">
              <value>
                <![CDATA[org.testng.TestRunner@6b9ce1bf]]>
              </value>
            </param>
          </params>
          <reporter-output>
          </reporter-output>
        </test-method> <!-- setup -->
        <test-method status="PASS" signature="invaliddatavalidation()[pri:3, instance:planIT.tests.JupiterTests@64cd705f]" name="invaliddatavalidation" duration-ms="161" started-at="2021-05-24T00:17:20Z" finished-at="2021-05-24T00:17:20Z">
          <reporter-output>
            <line>
              <![CDATA[Running third @test to check invalid field details]]>
            </line>
            <line>
              <![CDATA[Navigating to the Contact Menu]]>
            </line>
            <line>
              <![CDATA[Invalid details to validate the Error messages]]>
            </line>
          </reporter-output>
        </test-method> <!-- invaliddatavalidation -->
        <test-method status="PASS" signature="setup(java.lang.reflect.Method, org.testng.ITestContext)[pri:0, instance:planIT.tests.JupiterTests@64cd705f]" name="setup" is-config="true" duration-ms="462" started-at="2021-05-24T00:17:20Z" finished-at="2021-05-24T00:17:21Z">
          <params>
            <param index="0">
              <value>
                <![CDATA[public void planIT.tests.JupiterTests.cartvalidation()]]>
              </value>
            </param>
            <param index="1">
              <value>
                <![CDATA[org.testng.TestRunner@6b9ce1bf]]>
              </value>
            </param>
          </params>
          <reporter-output>
          </reporter-output>
        </test-method> <!-- setup -->
        <test-method status="PASS" signature="cartvalidation()[pri:4, instance:planIT.tests.JupiterTests@64cd705f]" name="cartvalidation" duration-ms="16998" started-at="2021-05-24T00:17:21Z" finished-at="2021-05-24T00:17:38Z">
          <reporter-output>
            <line>
              <![CDATA[Running fourth @test to check success submission]]>
            </line>
            <line>
              <![CDATA[Navigating to the shop Menu]]>
            </line>
            <line>
              <![CDATA[Adding items to the cart]]>
            </line>
            <line>
              <![CDATA[Validating items in the cart]]>
            </line>
          </reporter-output>
        </test-method> <!-- cartvalidation -->
        <test-method status="PASS" signature="tearDown()[pri:0, instance:planIT.tests.JupiterTests@64cd705f]" name="tearDown" is-config="true" duration-ms="1576" started-at="2021-05-24T00:17:38Z" finished-at="2021-05-24T00:17:39Z">
          <reporter-output>
          </reporter-output>
        </test-method> <!-- tearDown -->
        <test-method status="PASS" signature="flushReports()[pri:0, instance:planIT.tests.JupiterTests@64cd705f]" name="flushReports" is-config="true" duration-ms="19" started-at="2021-05-24T00:17:39Z" finished-at="2021-05-24T00:17:39Z">
          <reporter-output>
          </reporter-output>
        </test-method> <!-- flushReports -->
        <test-method status="PASS" signature="flushReports1()[pri:0, instance:planIT.tests.JupiterTests@64cd705f]" name="flushReports1" is-config="true" duration-ms="18" started-at="2021-05-24T00:17:39Z" finished-at="2021-05-24T00:17:39Z">
          <reporter-output>
          </reporter-output>
        </test-method> <!-- flushReports1 -->
      </class> <!-- planIT.tests.JupiterTests -->
    </test> <!-- PlanIT_Tests -->
  </suite> <!-- planIT_TestSuite -->
</testng-results>
