<?xml version="1.0" encoding="UTF-8"?>
<!-- Generated by org.testng.reporters.JUnitXMLReporter -->
<testsuite hostname="EQPLSTDP10021" name="PlanIT_Tests" tests="4" failures="1" timestamp="23 May 2021 13:41:24 GMT" time="28.751" errors="0">
  <testcase name="mandatoryfieldserror" time="0.126" classname="planIT.tests.JupiterTests">
    <failure type="java.lang.NullPointerException">
      <![CDATA[java.lang.NullPointerException
	at planIT.pages.JupiterPages.navigateto(JupiterPages.java:41)
	at planIT.tests.JupiterTests.mandatoryfieldserror(JupiterTests.java:53)
... Removed 24 stack frames]]>
    </failure>
  </testcase> <!-- mandatoryfieldserror -->
  <testcase name="successsubmission" time="1.91" classname="planIT.tests.JupiterTests"/>
  <testcase name="invaliddatavalidation" time="0.179" classname="planIT.tests.JupiterTests"/>
  <testcase name="cartvalidation" time="17.081" classname="planIT.tests.JupiterTests"/>
</testsuite> <!-- PlanIT_Tests -->
