<?xml version="1.0" encoding="UTF-8"?>
<!-- Generated by org.testng.reporters.JUnitXMLReporter -->
<testsuite hostname="EQPLSTDP10021" name="PlanIT_Tests" tests="4" failures="0" timestamp="23 May 2021 07:59:41 GMT" time="35.534" errors="0">
  <testcase name="mandatoryfieldserror" time="17.927" classname="planIT.tests.JupiterTests"/>
  <testcase name="successsubmission" time="2.025" classname="planIT.tests.JupiterTests"/>
  <testcase name="invaliddatavalidation" time="0.157" classname="planIT.tests.JupiterTests"/>
  <testcase name="cartvalidation" time="7.847" classname="planIT.tests.JupiterTests"/>
</testsuite> <!-- PlanIT_Tests -->
